<?xml version="1.0" encoding="UTF-8"?>
<!-- Generated by org.testng.reporters.JUnitReportReporter -->
<testsuite skipped="0" hostname="LAPTOP-N43QMCDA" name="POST_request" tests="1" failures="0" timestamp="2020-02-14T21:37:50 PST" time="2.340" errors="0">
  <testcase name="Registration" time="2.340" classname="POST_request"/>
</testsuite> <!-- POST_request -->
