<?xml version="1.0" encoding="UTF-8"?>
<!-- Generated by org.testng.reporters.JUnitReportReporter -->
<testsuite skipped="0" hostname="LAPTOP-N43QMCDA" name="com.RestAssuredAPITesing.testCases.TC002_POST" tests="2" failures="0" timestamp="2020-02-22T22:33:25 PST" time="0.013" errors="0">
  <testcase name="checkStatusCode" time="0.001" classname="com.RestAssuredAPITesing.testCases.TC002_POST"/>
  <testcase name="checkResponse" time="0.012" classname="com.RestAssuredAPITesing.testCases.TC002_POST"/>
</testsuite> <!-- com.RestAssuredAPITesing.testCases.TC002_POST -->
