<?xml version="1.0" encoding="UTF-8"?>
<!-- Generated by org.testng.reporters.JUnitReportReporter -->
<testsuite skipped="0" hostname="LAPTOP-N43QMCDA" name="com.RestAssuredAPITesing.testCases.TC001_GET" tests="1" failures="0" timestamp="2020-02-22T21:59:20 PST" time="0.005" errors="0">
  <testcase name="checkStatusCode" time="0.005" classname="com.RestAssuredAPITesing.testCases.TC001_GET"/>
</testsuite> <!-- com.RestAssuredAPITesing.testCases.TC001_GET -->
