<?xml version="1.0" encoding="UTF-8"?>
<!-- Generated by org.testng.reporters.JUnitReportReporter -->
<testsuite skipped="0" hostname="LAPTOP-N43QMCDA" name="Get_Request" tests="1" failures="0" timestamp="2020-02-16T20:11:40 PST" time="1.874" errors="0">
  <testcase name="getWeatherDetails" time="1.874" classname="Get_Request"/>
</testsuite> <!-- Get_Request -->
