<?xml version="1.0" encoding="UTF-8"?>
<!-- Generated by org.testng.reporters.JUnitReportReporter -->
<testsuite skipped="0" hostname="LAPTOP-N43QMCDA" name="Delete" tests="1" failures="0" timestamp="2020-02-12T19:48:03 PST" time="2.288" errors="0">
  <testcase name="DeleteRecord" time="2.288" classname="Delete"/>
</testsuite> <!-- Delete -->
